('start', 0)
('number', 0)
('identifier', 97)
(',', 0)
('identifier', 98)
(',', 0)
('identifier', 99)
(';', 0)
('print', 0)
('constant', 1597)
(';', 0)
('read', 0)
('identifier', 97)
(',', 0)
('identifier', 98)
(',', 0)
('identifier', 99)
(';', 0)
('if', 0)
('[', 0)
('identifier', 97)
('gt', 0)
('identifier', 98)
(']', 0)
(':', 0)
('if', 0)
('[', 0)
('identifier', 97)
('gt', 0)
('identifier', 99)
(']', 0)
(':', 0)
('print', 0)
('identifier', 97)
(';', 0)
('else', 0)
(':', 0)
('print', 0)
('identifier', 99)
(';', 0)
('fi', 0)
(';', 0)
('else', 0)
(':', 0)
('if', 0)
('[', 0)
('identifier', 98)
('gt', 0)
('identifier', 99)
(']', 0)
(':', 0)
('print', 0)
('identifier', 98)
(';', 0)
('else', 0)
(':', 0)
('print', 0)
('identifier', 99)
(';', 0)
('fi', 0)
(';', 0)
('fi', 0)
(';', 0)
('end', 0)
