('start', 0)
('number', 0)
('identifier', 97)
(',', 0)
('identifier', 98)
(',', 0)
('identifier', 99)
(',', 0)
('identifier', 120)
(',', 0)
('identifier', 522)
(',', 0)
('identifier', 169)
(',', 0)
('identifier', 170)
(';', 0)
('print', 0)
('constant', 1597)
(';', 0)
('read', 0)
('identifier', 97)
(',', 0)
('identifier', 98)
(',', 0)
('identifier', 99)
(';', 0)
('identifier', 522)
('=', 0)
('identifier', 98)
('^', 0)
('constant', 50)
('-', 0)
('constant', 52)
('*', 0)
('identifier', 97)
('*', 0)
('identifier', 99)
(';', 0)
('if', 0)
('[', 0)
('identifier', 522)
('eq', 0)
('constant', 48)
(']', 0)
(':', 0)
('identifier', 120)
('=', 0)
('(', 0)
('constant', 94)
(')', 0)
('*', 0)
('identifier', 98)
('/', 0)
('constant', 50)
('*', 0)
('identifier', 97)
(';', 0)
('print', 0)
('identifier', 120)
(';', 0)
('else', 0)
('if', 0)
('[', 0)
('identifier', 522)
('gt', 0)
('constant', 48)
(']', 0)
(':', 0)
('identifier', 169)
('=', 0)
('(', 0)
('(', 0)
('constant', 94)
(')', 0)
('*', 0)
('identifier', 98)
('+', 0)
('root', 0)
('(', 0)
('identifier', 522)
(')', 0)
(')', 0)
('/', 0)
('constant', 50)
('*', 0)
('identifier', 97)
(';', 0)
('identifier', 170)
('=', 0)
('(', 0)
('(', 0)
('constant', 94)
(')', 0)
('*', 0)
('identifier', 98)
('-', 0)
('root', 0)
('(', 0)
('identifier', 522)
(')', 0)
(')', 0)
('/', 0)
('constant', 50)
('*', 0)
('identifier', 97)
(';', 0)
('print', 0)
('constant', 1602)
(',', 0)
('identifier', 169)
(',', 0)
('constant', 352)
(',', 0)
('identifier', 170)
(';', 0)
('else', 0)
(':', 0)
('print', 0)
('constant', 2765)
(';', 0)
('fi', 0)
(';', 0)
('end', 0)
