('start', 0)
('number', 0)
('identifier', 341)
(',', 0)
('identifier', 110)
(',', 0)
('identifier', 1515)
(';', 0)
('print', 0)
('constant', 303)
(';', 0)
('read', 0)
('identifier', 110)
(';', 0)
('for', 0)
('[', 0)
('identifier', 105)
('<-', 0)
('constant', 49)
(',', 0)
('identifier', 110)
(',', 0)
('constant', 49)
(']', 0)
(':', 0)
('read', 0)
('identifier', 1515)
(';', 0)
('identifier', 341)
('=', 0)
('identifier', 341)
('+', 0)
('identifier', 1515)
(';', 0)
('rof', 0)
(';', 0)
('print', 0)
('constant', 1988)
(',', 0)
('identifier', 341)
(';', 0)
('end', 0)
